2024-02-04 13:54:53:INFO:   - - - - - - - - - - - - - - - - - - - - - -
2024-02-04 13:54:53:WARNING:   PyNaCl is not installed, voice will NOT be supported
2024-02-04 13:54:53:DEBUG:   on_connect has successfully been registered as an event
2024-02-04 13:54:53:DEBUG:   on_guild_join has successfully been registered as an event
2024-02-04 13:54:53:DEBUG:   on_member_update has successfully been registered as an event
2024-02-04 13:54:53:DEBUG:   on_guild_remove has successfully been registered as an event
2024-02-04 13:54:53:DEBUG:   on_message has successfully been registered as an event
2024-02-04 13:54:53:DEBUG:   on_disconnect has successfully been registered as an event
2024-02-04 13:54:53:INFO:   Initialising events.
2024-02-04 13:54:53:INFO:   Running client.
2024-02-04 13:54:53:INFO:   - - - - - - - - - - - - - - - - - - - - - -
2024-02-04 13:54:53:DEBUG:   Using proactor: IocpProactor
2024-02-04 13:54:53:INFO:   logging in using static token
2024-02-04 13:54:54:DEBUG:   GET https://discord.com/api/v10/users/@me with None has returned 200
2024-02-04 13:54:54:DEBUG:   GET /users/@me has found its initial rate limit bucket hash (78bb8553d9352a5a2f89f9def401287a).
2024-02-04 13:54:54:DEBUG:   GET https://discord.com/api/v10/users/@me has received {'id': '1191447499387437108', 'username': 'Workflow Bot', 'avatar': 'f8c9a256aee83c7a0aa6a409aeba5d56', 'discriminator': '8033', 'public_flags': 0, 'premium_type': 0, 'flags': 0, 'bot': True, 'banner': None, 'accent_color': None, 'global_name': None, 'avatar_decoration_data': None, 'banner_color': None, 'mfa_enabled': True, 'locale': 'en-US', 'email': None, 'verified': True, 'bio': ''}
2024-02-04 13:54:54:DEBUG:   GET https://discord.com/api/v10/oauth2/applications/@me with None has returned 200
2024-02-04 13:54:54:DEBUG:   GET /oauth2/applications/@me has found its initial rate limit bucket hash (d28a133af187e91d71d96a223467ce49).
2024-02-04 13:54:54:DEBUG:   GET https://discord.com/api/v10/oauth2/applications/@me has received {'id': '1191447499387437108', 'name': 'WorkflowBot', 'icon': 'f8c9a256aee83c7a0aa6a409aeba5d56', 'description': 'WorkflowBot enables teams to manage their projects, allowing tasks to be assigned to users and deadlines to be set. ', 'type': None, 'bot': {'id': '1191447499387437108', 'username': 'Workflow Bot', 'avatar': 'f8c9a256aee83c7a0aa6a409aeba5d56', 'discriminator': '8033', 'public_flags': 0, 'premium_type': 0, 'flags': 0, 'bot': True, 'banner': None, 'accent_color': None, 'global_name': None, 'avatar_decoration_data': None, 'banner_color': None}, 'summary': '', 'bot_public': True, 'bot_require_code_grant': False, 'install_params': {'scopes': ['bot'], 'permissions': '19785035807862'}, 'verify_key': 'b917cb12bdda610a587983cf53ca3de854a08f48184c3304d5f9c4cd951f6271', 'flags': 557056, 'tags': ['chatbot', 'chat'], 'hook': True, 'is_monetized': False, 'redirect_uris': [], 'interactions_endpoint_url': None, 'role_connections_verification_url': None, 'owner': {'id': '449461280437436416', 'username': 'hnewey7', 'avatar': 'ce8467f39a20d29c0b9adf008e16354f', 'discriminator': '0', 'public_flags': 0, 'premium_type': 0, 'flags': 0, 'banner': None, 'accent_color': None, 'global_name': None, 'avatar_decoration_data': None, 'banner_color': None}, 'approximate_guild_count': 1, 'interactions_event_types': [], 'interactions_version': 1, 'explicit_content_filter': 0, 'rpc_application_state': 0, 'store_application_state': 1, 'verification_state': 1, 'integration_public': True, 'integration_require_code_grant': False, 'discoverability_state': 1, 'discovery_eligibility_flags': 2278, 'monetization_state': 1, 'monetization_eligibility_flags': 247524, 'team': None, 'internal_guild_restriction': 2}
2024-02-04 13:54:54:DEBUG:   Created websocket connected to wss://gateway.discord.gg/
2024-02-04 13:54:54:DEBUG:   For Shard ID None: WebSocket Event: {'t': None, 's': None, 'op': 10, 'd': {'heartbeat_interval': 41250, '_trace': ['["gateway-prd-us-east1-c-m179",{"micros":0.0}]']}}
2024-02-04 13:54:54:DEBUG:   Shard ID None has sent the IDENTIFY payload.
2024-02-04 13:54:55:DEBUG:   For Shard ID None: WebSocket Event: {'t': None, 's': None, 'op': 11, 'd': None}
2024-02-04 13:54:55:DEBUG:   For Shard ID None: WebSocket Event: {'t': 'READY', 's': 1, 'op': 0, 'd': {'v': 10, 'user_settings': {}, 'user': {'verified': True, 'username': 'Workflow Bot', 'mfa_enabled': True, 'id': '1191447499387437108', 'global_name': None, 'flags': 0, 'email': None, 'discriminator': '8033', 'bot': True, 'avatar': 'f8c9a256aee83c7a0aa6a409aeba5d56'}, 'session_type': 'normal', 'session_id': '2b4d0980fecd05ac51c40e1a7b05256e', 'resume_gateway_url': 'wss://gateway-us-east1-c.discord.gg', 'relationships': [], 'private_channels': [], 'presences': [], 'guilds': [{'unavailable': True, 'id': '1195152577285849168'}], 'guild_join_requests': [], 'geo_ordered_rtc_regions': ['rotterdam', 'frankfurt', 'frankfurt-two', 'milan', 'madrid'], 'current_location': ['GB', 'GB:ENG', 'GB:STH'], 'auth': {}, 'application': {'id': '1191447499387437108', 'flags': 557056}, '_trace': ['["gateway-prd-us-east1-c-m179",{"micros":74022,"calls":["id_created",{"micros":859,"calls":[]},"session_lookup_time",{"micros":424,"calls":[]},"session_lookup_finished",{"micros":19,"calls":[]},"discord-sessions-prd-2-95",{"micros":72073,"calls":["start_session",{"micros":63212,"calls":["discord-api-7c94ffb7fd-r482n",{"micros":57653,"calls":["get_user",{"micros":9773},"get_guilds",{"micros":6891},"send_scheduled_deletion_message",{"micros":11},"guild_join_requests",{"micros":2},"authorized_ip_coro",{"micros":10}]}]},"starting_guild_connect",{"micros":59,"calls":[]},"presence_started",{"micros":291,"calls":[]},"guilds_started",{"micros":179,"calls":[]},"guilds_connect",{"micros":2,"calls":[]},"presence_connect",{"micros":8283,"calls":[]},"connect_finished",{"micros":8289,"calls":[]},"build_ready",{"micros":18,"calls":[]},"clean_ready",{"micros":1,"calls":[]},"optimize_ready",{"micros":23,"calls":[]},"split_ready",{"micros":0,"calls":[]}]}]}]']}}
2024-02-04 13:54:55:DEBUG:   Dispatching event socket_event_type
2024-02-04 13:54:55:INFO:   Shard ID None has connected to Gateway (Session ID: 2b4d0980fecd05ac51c40e1a7b05256e).
2024-02-04 13:54:55:DEBUG:   Dispatching event connect
2024-02-04 13:54:55:INFO:   Initialising saved data.
2024-02-04 13:54:55:INFO:   Loading data for guild, 1195152577285849168.
2024-02-04 13:54:55:DEBUG:   Dispatching event socket_event_type
2024-02-04 13:54:55:DEBUG:   GET https://discord.com/api/v10/guilds/1195152577285849168 with None has returned 200
2024-02-04 13:54:55:DEBUG:   GET /guilds/{guild_id} has found its initial rate limit bucket hash (a5389603c2ef2e3cffe2d047ad0cd651).
2024-02-04 13:54:55:DEBUG:   GET https://discord.com/api/v10/guilds/1195152577285849168 has received {'id': '1195152577285849168', 'name': 'test', 'icon': None, 'description': None, 'home_header': None, 'splash': None, 'discovery_splash': None, 'features': [], 'banner': None, 'owner_id': '449461280437436416', 'application_id': None, 'region': 'south-korea', 'afk_channel_id': None, 'afk_timeout': 300, 'system_channel_id': '1195152577839517820', 'system_channel_flags': 0, 'widget_enabled': False, 'widget_channel_id': None, 'verification_level': 0, 'roles': [{'id': '1195152577285849168', 'name': '@everyone', 'description': None, 'permissions': '559623605571137', 'position': 0, 'color': 0, 'hoist': False, 'managed': False, 'mentionable': False, 'icon': None, 'unicode_emoji': None, 'flags': 0}, {'id': '1197287754380357783', 'name': 'Workflow Manager', 'description': None, 'permissions': '0', 'position': 1, 'color': 1752220, 'hoist': False, 'managed': False, 'mentionable': False, 'icon': None, 'unicode_emoji': None, 'flags': 0}, {'id': '1199112746189455470', 'name': 'WorkflowBot', 'description': None, 'permissions': '8', 'position': 1, 'color': 0, 'hoist': False, 'managed': True, 'mentionable': False, 'icon': None, 'unicode_emoji': None, 'tags': {'bot_id': '1191447499387437108'}, 'flags': 0}, {'id': '1202042904659361792', 'name': 'Software', 'description': None, 'permissions': '0', 'position': 1, 'color': 6422783, 'hoist': False, 'managed': False, 'mentionable': False, 'icon': None, 'unicode_emoji': None, 'flags': 0}, {'id': '1202042905728913478', 'name': 'Software Manager', 'description': None, 'permissions': '0', 'position': 1, 'color': 5112043, 'hoist': False, 'managed': False, 'mentionable': False, 'icon': None, 'unicode_emoji': None, 'flags': 0}, {'id': '1202045151883821117', 'name': 'Hardware', 'description': None, 'permissions': '0', 'position': 1, 'color': 16748032, 'hoist': False, 'managed': False, 'mentionable': False, 'icon': None, 'unicode_emoji': None, 'flags': 0}, {'id': '1202045153100169316', 'name': 'Hardware Manager', 'description': None, 'permissions': '0', 'position': 1, 'color': 15432192, 'hoist': False, 'managed': False, 'mentionable': False, 'icon': None, 'unicode_emoji': None, 'flags': 0}, {'id': '1202045200265121842', 'name': 'HR', 'description': None, 'permissions': '0', 'position': 1, 'color': 64767, 'hoist': False, 'managed': False, 'mentionable': False, 'icon': None, 'unicode_emoji': None, 'flags': 0}, {'id': '1202045201154310204', 'name': 'HR Manager', 'description': None, 'permissions': '0', 'position': 1, 'color': 59627, 'hoist': False, 'managed': False, 'mentionable': False, 'icon': None, 'unicode_emoji': None, 'flags': 0}, {'id': '1202045344507232337', 'name': 'Testing & Validation', 'description': None, 'permissions': '0', 'position': 1, 'color': 13041919, 'hoist': False, 'managed': False, 'mentionable': False, 'icon': None, 'unicode_emoji': None, 'flags': 0}, {'id': '1202045345689767938', 'name': 'Testing & Validation Manager', 'description': None, 'permissions': '0', 'position': 1, 'color': 11731179, 'hoist': False, 'managed': False, 'mentionable': False, 'icon': None, 'unicode_emoji': None, 'flags': 0}], 'default_message_notifications': 0, 'mfa_level': 0, 'explicit_content_filter': 0, 'max_presences': None, 'max_members': 500000, 'max_stage_video_channel_users': 50, 'max_video_channel_users': 25, 'vanity_url_code': None, 'premium_tier': 0, 'premium_subscription_count': 0, 'preferred_locale': 'en-US', 'rules_channel_id': None, 'safety_alerts_channel_id': None, 'public_updates_channel_id': None, 'hub_type': None, 'premium_progress_bar_enabled': False, 'latest_onboarding_question_id': None, 'nsfw': False, 'nsfw_level': 0, 'emojis': [], 'stickers': [], 'incidents_data': None, 'inventory_settings': None, 'embed_enabled': False, 'embed_channel_id': None, 'approximate_member_count': 2, 'approximate_presence_count': 2}
2024-02-04 13:54:55:DEBUG:   For Shard ID None: WebSocket Event: {'t': 'GUILD_MEMBERS_CHUNK', 's': 3, 'op': 0, 'd': {'nonce': 'ef20fcbc3cedc75dcf095955f829761c', 'members': [{'user': {'username': 'hnewey7', 'public_flags': 0, 'id': '449461280437436416', 'global_name': None, 'display_name': None, 'discriminator': '0', 'bot': False, 'avatar_decoration_data': None, 'avatar': 'ce8467f39a20d29c0b9adf008e16354f'}, 'roles': ['1202042904659361792', '1202042905728913478', '1197287754380357783'], 'premium_since': None, 'pending': False, 'nick': None, 'mute': False, 'joined_at': '2024-01-11T23:49:39.307000+00:00', 'flags': 0, 'deaf': False, 'communication_disabled_until': None, 'avatar': None}, {'user': {'username': 'Workflow Bot', 'public_flags': 0, 'id': '1191447499387437108', 'global_name': None, 'display_name': None, 'discriminator': '8033', 'bot': True, 'avatar_decoration_data': None, 'avatar': 'f8c9a256aee83c7a0aa6a409aeba5d56'}, 'roles': ['1199112746189455470'], 'premium_since': None, 'pending': False, 'nick': None, 'mute': False, 'joined_at': '2024-01-22T22:05:57.161000+00:00', 'flags': 0, 'deaf': False, 'communication_disabled_until': None, 'avatar': None}], 'guild_id': '1195152577285849168', 'chunk_index': 0, 'chunk_count': 1}}
2024-02-04 13:54:55:DEBUG:   Dispatching event socket_event_type
2024-02-04 13:54:55:DEBUG:   Processed a chunk for 2 members in guild ID 1195152577285849168.
2024-02-04 13:54:55:DEBUG:   GET https://discord.com/api/v10/channels/1199114204297302097 with None has returned 200
2024-02-04 13:54:55:DEBUG:   GET /channels/{channel_id} has found its initial rate limit bucket hash (1fffbf023286f3010f01e4db70df9a2c).
2024-02-04 13:54:55:DEBUG:   GET https://discord.com/api/v10/channels/1199114204297302097 has received {'id': '1199114204297302097', 'type': 0, 'last_message_id': '1202355735808454666', 'flags': 0, 'guild_id': '1195152577285849168', 'name': 'timeline', 'parent_id': '1195152577839517818', 'rate_limit_per_user': 0, 'topic': None, 'position': 1, 'permission_overwrites': [{'id': '1197287754380357783', 'type': 0, 'allow': '10240', 'deny': '64'}, {'id': '1195152577285849168', 'type': 0, 'allow': '0', 'deny': '10304'}], 'nsfw': False}
2024-02-04 13:54:55:INFO:   Active channel successfully fetched.
2024-02-04 13:54:56:DEBUG:   GET https://discord.com/api/v10/channels/1199114204297302097/messages/1200210793803817042 with None has returned 200
2024-02-04 13:54:56:DEBUG:   GET /channels/{channel_id}/messages/{message_id} has found its initial rate limit bucket hash (479c05630b7b353bb5c63f707eeef2ee).
2024-02-04 13:54:56:DEBUG:   GET https://discord.com/api/v10/channels/1199114204297302097/messages/1200210793803817042 has received {'id': '1200210793803817042', 'type': 0, 'content': '', 'channel_id': '1199114204297302097', 'author': {'id': '1191447499387437108', 'username': 'Workflow Bot', 'avatar': 'f8c9a256aee83c7a0aa6a409aeba5d56', 'discriminator': '8033', 'public_flags': 0, 'premium_type': 0, 'flags': 0, 'bot': True, 'banner': None, 'accent_color': None, 'global_name': None, 'avatar_decoration_data': None, 'banner_color': None}, 'attachments': [], 'embeds': [{'type': 'rich', 'title': 'Existing Projects', 'color': 5793266, 'fields': [{'name': '1. Discord Bot - Deadline <t:1706659200:R>', 'value': '- Assigning tasks to users\n- Creating teams\n- Assigning managers to teams', 'inline': False}], 'content_scan_version': 0}], 'mentions': [], 'mention_roles': [], 'pinned': False, 'mention_everyone': False, 'tts': False, 'timestamp': '2024-01-25T22:49:12.081000+00:00', 'edited_timestamp': '2024-02-04T13:53:04.595000+00:00', 'flags': 0, 'components': [{'type': 1, 'components': [{'type': 2, 'custom_id': '726f930c9a8af8c32ccf00749b68fbb6', 'style': 1, 'label': 'Add Project'}, {'type': 2, 'custom_id': 'a9d1151e4085851ae511a546ab9eab95', 'style': 1, 'label': 'Edit Project'}, {'type': 2, 'custom_id': 'd69b4e666d9f2f17c1d85134c1b71dec', 'style': 1, 'label': 'Delete Project'}]}], 'resolved': {'users': {}, 'members': {}, 'channels': {}, 'roles': {}}}
2024-02-04 13:54:56:INFO:   Active message successfully fetched.
2024-02-04 13:54:56:INFO:   Loading project, Discord Bot (31 01 2024).
2024-02-04 13:54:56:INFO:   Loading task, Assigning tasks to users (None).
2024-02-04 13:54:56:INFO:   Loading task, Creating teams (None).
2024-02-04 13:54:56:INFO:   Loading task, Assigning managers to teams (None).
2024-02-04 13:54:56:INFO:   Loading team, Software.
2024-02-04 13:54:56:INFO:   Loading team, Hardware.
2024-02-04 13:54:56:INFO:   Loading team, HR.
2024-02-04 13:54:56:INFO:   Loading team, Testing & Validation.
2024-02-04 13:54:56:INFO:   - - - - - - - - - - - - - - - - - - - - - -
2024-02-04 13:54:56:INFO:   Data loading finished.
2024-02-04 13:54:56:INFO:   - - - - - - - - - - - - - - - - - - - - - -
2024-02-04 13:54:56:INFO:   Initialising message looping.
2024-02-04 13:54:56:DEBUG:   For Shard ID None: WebSocket Event: {'t': 'MESSAGE_UPDATE', 's': 4, 'op': 0, 'd': {'type': 0, 'tts': False, 'timestamp': '2024-01-25T22:49:12.081000+00:00', 'pinned': False, 'mentions': [], 'mention_roles': [], 'mention_everyone': False, 'member': {'roles': ['1199112746189455470'], 'premium_since': None, 'pending': False, 'nick': None, 'mute': False, 'joined_at': '2024-01-22T22:05:57.161000+00:00', 'flags': 0, 'deaf': False, 'communication_disabled_until': None, 'avatar': None}, 'id': '1200210793803817042', 'flags': 0, 'embeds': [{'type': 'rich', 'title': 'Existing Projects', 'fields': [{'value': '- Assigning tasks to users\n- Creating teams\n- Assigning managers to teams', 'name': '1. Discord Bot - Deadline <t:1706659200:R>', 'inline': False}], 'content_scan_version': 0, 'color': 5793266}], 'edited_timestamp': '2024-02-04T13:54:56.719673+00:00', 'content': '', 'components': [{'type': 1, 'components': [{'type': 2, 'style': 1, 'label': 'Add Project', 'custom_id': '2c5319e63fa9712be08f85562d324523'}, {'type': 2, 'style': 1, 'label': 'Edit Project', 'custom_id': '5d94492311d2383866e3d1eb58f3367c'}, {'type': 2, 'style': 1, 'label': 'Delete Project', 'custom_id': 'b49613994b9304659b9226ac4b1f613a'}]}], 'channel_id': '1199114204297302097', 'author': {'username': 'Workflow Bot', 'public_flags': 0, 'premium_type': 0, 'id': '1191447499387437108', 'global_name': None, 'discriminator': '8033', 'bot': True, 'avatar_decoration_data': None, 'avatar': 'f8c9a256aee83c7a0aa6a409aeba5d56'}, 'attachments': [], 'guild_id': '1195152577285849168'}}
2024-02-04 13:54:56:DEBUG:   Dispatching event socket_event_type
2024-02-04 13:54:56:DEBUG:   Dispatching event raw_message_edit
2024-02-04 13:54:56:DEBUG:   PATCH https://discord.com/api/v10/channels/1199114204297302097/messages/1200210793803817042 with {"embeds":[{"fields":[{"inline":false,"name":"1. Discord Bot - Deadline <t:1706659200:R>","value":"- Assigning tasks to users\n- Creating teams\n- Assigning managers to teams\n"}],"color":5793266,"type":"rich","title":"Existing Projects"}],"components":[{"type":1,"components":[{"type":2,"style":1,"disabled":false,"label":"Add Project","custom_id":"2c5319e63fa9712be08f85562d324523"},{"type":2,"style":1,"disabled":false,"label":"Edit Project","custom_id":"5d94492311d2383866e3d1eb58f3367c"},{"type":2,"style":1,"disabled":false,"label":"Delete Project","custom_id":"b49613994b9304659b9226ac4b1f613a"}]}],"tts":false,"flags":0} has returned 200
2024-02-04 13:54:56:DEBUG:   PATCH /channels/{channel_id}/messages/{message_id} has found its initial rate limit bucket hash (3df15bae86f6647dd4dfcbd5c6949480).
2024-02-04 13:54:56:DEBUG:   PATCH https://discord.com/api/v10/channels/1199114204297302097/messages/1200210793803817042 has received {'id': '1200210793803817042', 'type': 0, 'content': '', 'channel_id': '1199114204297302097', 'author': {'id': '1191447499387437108', 'username': 'Workflow Bot', 'avatar': 'f8c9a256aee83c7a0aa6a409aeba5d56', 'discriminator': '8033', 'public_flags': 0, 'premium_type': 0, 'flags': 0, 'bot': True, 'banner': None, 'accent_color': None, 'global_name': None, 'avatar_decoration_data': None, 'banner_color': None}, 'attachments': [], 'embeds': [{'type': 'rich', 'title': 'Existing Projects', 'color': 5793266, 'fields': [{'name': '1. Discord Bot - Deadline <t:1706659200:R>', 'value': '- Assigning tasks to users\n- Creating teams\n- Assigning managers to teams', 'inline': False}], 'content_scan_version': 0}], 'mentions': [], 'mention_roles': [], 'pinned': False, 'mention_everyone': False, 'tts': False, 'timestamp': '2024-01-25T22:49:12.081000+00:00', 'edited_timestamp': '2024-02-04T13:54:56.719673+00:00', 'flags': 0, 'components': [{'type': 1, 'components': [{'type': 2, 'custom_id': '2c5319e63fa9712be08f85562d324523', 'style': 1, 'label': 'Add Project'}, {'type': 2, 'custom_id': '5d94492311d2383866e3d1eb58f3367c', 'style': 1, 'label': 'Edit Project'}, {'type': 2, 'custom_id': 'b49613994b9304659b9226ac4b1f613a', 'style': 1, 'label': 'Delete Project'}]}], 'resolved': {'users': {}, 'members': {}, 'channels': {}, 'roles': {}}}
2024-02-04 13:54:57:DEBUG:   Dispatching event guild_available
2024-02-04 13:54:57:DEBUG:   Dispatching event ready
2024-02-04 13:55:28:INFO:   - - - - - - - - - - - - - - - - - - - - - -
2024-02-04 13:55:28:WARNING:   PyNaCl is not installed, voice will NOT be supported
2024-02-04 13:55:28:INFO:   Initialising events.
2024-02-04 13:55:28:INFO:   Running client.
2024-02-04 13:55:28:INFO:   - - - - - - - - - - - - - - - - - - - - - -
2024-02-04 13:55:28:INFO:   logging in using static token
2024-02-04 13:55:30:INFO:   Shard ID None has connected to Gateway (Session ID: 751d0ab09121371970053156b7d2c298).
2024-02-04 13:55:30:INFO:   Initialising saved data.
2024-02-04 13:55:30:INFO:   Loading data for guild, 1195152577285849168.
2024-02-04 13:55:30:INFO:   Active channel successfully fetched.
2024-02-04 13:55:31:INFO:   Active message successfully fetched.
2024-02-04 13:55:31:INFO:   Loading project, Discord Bot (31 01 2024).
2024-02-04 13:55:31:INFO:   Loading task, Assigning tasks to users (None).
2024-02-04 13:55:31:INFO:   Loading task, Creating teams (None).
2024-02-04 13:55:31:INFO:   Loading task, Assigning managers to teams (None).
2024-02-04 13:55:31:INFO:   Loading team, Software.
2024-02-04 13:55:31:INFO:   Loading team, Hardware.
2024-02-04 13:55:31:INFO:   Loading team, HR.
2024-02-04 13:55:31:INFO:   Loading team, Testing & Validation.
2024-02-04 13:55:31:INFO:   - - - - - - - - - - - - - - - - - - - - - -
2024-02-04 13:55:31:INFO:   Data loading finished.
2024-02-04 13:55:31:INFO:   - - - - - - - - - - - - - - - - - - - - - -
2024-02-04 13:55:31:INFO:   Initialising message looping.
2024-02-04 13:56:23:INFO:   - - - - - - - - - - - - - - - - - - - - - -
2024-02-04 13:56:23:INFO:   Message sent in test general.
2024-02-04 13:56:23:INFO:   Command requested in test general.
2024-02-04 13:56:23:INFO:   Requesting teams.
2024-02-04 13:56:23:INFO:   Command request approved.
2024-02-04 13:56:23:INFO:   - - - - - - - - - - - - - - - - - - - - - -
2024-02-04 13:56:23:INFO:   Message sent in test general.
